<?xml version="1.0" encoding="UTF-8"?>
<testsuite xmlns:xsi="http://www.w3.org/2001/XMLSchema-instance" xsi:noNamespaceSchemaLocation="https://maven.apache.org/surefire/maven-surefire-plugin/xsd/surefire-test-report-3.0.xsd" version="3.0" name="PasswordTest" time="0.612" tests="1" errors="0" skipped="0" failures="0">
  <properties>
[...]
</properties>
  <testcase name="testHashMethod" classname="PasswordTest" time="0.582">
    <system-out><![CDATA[The hash sequence for the given password is: $argon2id$v=19$m=10000,t=10,p=1$7vzeVIegkGFvLEGoCxFXpw$pbnvvRniC5Knd+1nK7yTQaHPOk24LP1GZr5rl05/bbw
]]></system-out>
  </testcase>
</testsuite>