<?xml version="1.0" encoding="UTF-8"?>
<testsuite xmlns:xsi="http://www.w3.org/2001/XMLSchema-instance" xsi:noNamespaceSchemaLocation="https://maven.apache.org/surefire/maven-surefire-plugin/xsd/surefire-test-report-3.0.xsd" version="3.0" name="MySQLAssertDuplicateUsernameTest" time="1.349" tests="1" errors="0" skipped="0" failures="0">
  <properties>
[...]
</properties>
  <testcase name="testConnection" classname="MySQLAssertDuplicateUsernameTest" time="1.326">
    <system-out><![CDATA[Version: 8.0.35
Query: SELECT Username FROM Credentials WHERE Username = 'test1234';
Search value: Username
Results: com.mysql.cj.jdbc.result.ResultSetImpl@6986bbaf
]]></system-out>
  </testcase>
</testsuite>